#
# A fatal error has been detected by the Java Runtime Environment:
#
#  Internal Error (javaClasses.cpp:126), pid=4528, tid=1744
#  fatal error: Invalid layout of preloaded class
#
# JRE version:  (8.0_25-b18) (build )
# Java VM: Java HotSpot(TM) Client VM (25.25-b02 mixed mode windows-x86 )
# Failed to write core dump. Minidumps are not enabled by default on client versions of Windows
#
# If you would like to submit a bug report, please visit:
#   http://bugreport.sun.com/bugreport/crash.jsp
#

---------------  T H R E A D  ---------------

Current thread (0x0118b800):  JavaThread "Unknown thread" [_thread_in_vm, id=1744, stack(0x00f90000,0x00fe0000)]

Stack: [0x00f90000,0x00fe0000],  sp=0x00fdf38c,  free space=316k
Native frames: (J=compiled Java code, j=interpreted, Vv=VM code, C=native code)
V  [jvm.dll+0x19796b]
V  [jvm.dll+0x1908e6]
V  [jvm.dll+0x3b4e9]
V  [jvm.dll+0x3b69e]
V  [jvm.dll+0x4a063]
V  [jvm.dll+0x9dc8e]
V  [jvm.dll+0x9df52]
V  [jvm.dll+0x145a01]
V  [jvm.dll+0x169ab8]
V  [jvm.dll+0xdaea1]
C  [javaw.exe+0x13e4]
C  [javaw.exe+0x1eb7]
C  [javaw.exe+0xaba1]
C  [javaw.exe+0xac2b]
C  [KERNEL32.DLL+0x1495d]
C  [ntdll.dll+0x498ee]
C  [ntdll.dll+0x498c4]
C  0x00000000


---------------  P R O C E S S  ---------------

Java Threads: ( => current thread )

Other Threads:

=>0x0118b800 (exited) JavaThread "Unknown thread" [_thread_in_vm, id=1744, stack(0x00f90000,0x00fe0000)]

VM state:not at safepoint (not fully initialized)

VM Mutex/Monitor currently owned by a thread: None

GC Heap History (0 events):
No events

Deoptimization events (0 events):
No events

Internal exceptions (0 events):
No events

Events (10 events):
Event: 0.009 loading class java/lang/CharSequence done
Event: 0.009 loading class java/lang/String done
Event: 0.009 loading class java/lang/Class
Event: 0.009 loading class java/lang/reflect/AnnotatedElement
Event: 0.009 loading class java/lang/reflect/AnnotatedElement done
Event: 0.009 loading class java/lang/reflect/GenericDeclaration
Event: 0.010 loading class java/lang/reflect/GenericDeclaration done
Event: 0.010 loading class java/lang/reflect/Type
Event: 0.010 loading class java/lang/reflect/Type done
Event: 0.010 loading class java/lang/Class done


Dynamic libraries:
0x012d0000 - 0x01300000 	D:\ADT\eclipse\jre\bin\javaw.exe
0x77030000 - 0x77198000 	C:\WINDOWS\SYSTEM32\ntdll.dll
0x74c30000 - 0x74d70000 	C:\WINDOWS\SYSTEM32\KERNEL32.DLL
0x76720000 - 0x767ef000 	C:\WINDOWS\SYSTEM32\KERNELBASE.dll
0x735a0000 - 0x7363a000 	C:\WINDOWS\system32\apphelp.dll
0x62780000 - 0x629d2000 	C:\WINDOWS\AppPatch\AcGenral.DLL
0x76600000 - 0x766be000 	C:\WINDOWS\SYSTEM32\msvcrt.dll
0x74e10000 - 0x74e4e000 	C:\WINDOWS\SYSTEM32\sechost.dll
0x74a60000 - 0x74a7d000 	C:\WINDOWS\SYSTEM32\SspiCli.dll
0x76d20000 - 0x76d61000 	C:\WINDOWS\SYSTEM32\SHLWAPI.dll
0x737f0000 - 0x738cc000 	C:\WINDOWS\SYSTEM32\UxTheme.dll
0x75080000 - 0x751d0000 	C:\WINDOWS\SYSTEM32\USER32.dll
0x769c0000 - 0x76ac8000 	C:\WINDOWS\SYSTEM32\GDI32.dll
0x74950000 - 0x74970000 	C:\WINDOWS\SYSTEM32\WINMM.dll
0x71ad0000 - 0x71ae2000 	C:\WINDOWS\SYSTEM32\samcli.dll
0x74e50000 - 0x74f5b000 	C:\WINDOWS\SYSTEM32\ole32.dll
0x76420000 - 0x764a7000 	C:\WINDOWS\SYSTEM32\OLEAUT32.dll
0x73090000 - 0x730a5000 	C:\WINDOWS\SYSTEM32\MSACM32.dll
0x749d0000 - 0x749d8000 	C:\WINDOWS\SYSTEM32\VERSION.dll
0x751d0000 - 0x76373000 	C:\WINDOWS\SYSTEM32\SHELL32.dll
0x749a0000 - 0x749b9000 	C:\WINDOWS\SYSTEM32\USERENV.dll
0x731c0000 - 0x731d9000 	C:\WINDOWS\SYSTEM32\dwmapi.dll
0x729c0000 - 0x72ae1000 	C:\WINDOWS\SYSTEM32\urlmon.dll
0x74d90000 - 0x74e07000 	C:\WINDOWS\SYSTEM32\ADVAPI32.dll
0x74880000 - 0x748de000 	C:\WINDOWS\SYSTEM32\WINSPOOL.DRV
0x74930000 - 0x74944000 	C:\WINDOWS\SYSTEM32\MPR.dll
0x76540000 - 0x765f1000 	C:\WINDOWS\SYSTEM32\RPCRT4.dll
0x74a50000 - 0x74a59000 	C:\WINDOWS\SYSTEM32\CRYPTBASE.dll
0x76870000 - 0x769be000 	C:\WINDOWS\SYSTEM32\combase.dll
0x74830000 - 0x74850000 	C:\WINDOWS\SYSTEM32\WINMMBASE.dll
0x74850000 - 0x7485e000 	C:\WINDOWS\SYSTEM32\profapi.dll
0x73b50000 - 0x73d65000 	C:\WINDOWS\SYSTEM32\iertutil.dll
0x73f60000 - 0x74124000 	C:\WINDOWS\SYSTEM32\WININET.dll
0x749f0000 - 0x74a41000 	C:\WINDOWS\SYSTEM32\bcryptPrimitives.dll
0x76d90000 - 0x76dca000 	C:\WINDOWS\SYSTEM32\cfgmgr32.dll
0x74810000 - 0x7482f000 	C:\WINDOWS\SYSTEM32\DEVOBJ.dll
0x74790000 - 0x74807000 	C:\WINDOWS\SYSTEM32\SHCORE.DLL
0x767f0000 - 0x76815000 	C:\WINDOWS\system32\IMM32.DLL
0x74f60000 - 0x75057000 	C:\WINDOWS\SYSTEM32\MSCTF.dll
0x74760000 - 0x7478c000 	C:\WINDOWS\SYSTEM32\nvinit.dll
0x0f000000 - 0x0f006000 	C:\Program Files (x86)\NVIDIA Corporation\CoProcManager\_etoured.dll
0x73570000 - 0x7359b000 	C:\Program Files (x86)\NVIDIA Corporation\CoProcManager\nvd3d9wrap.dll
0x74a80000 - 0x74c2c000 	C:\WINDOWS\SYSTEM32\SETUPAPI.dll
0x73550000 - 0x7356f000 	C:\Program Files (x86)\NVIDIA Corporation\CoProcManager\nvdxgiwrap.dll
0x73d70000 - 0x73f55000 	C:\WINDOWS\WinSxS\x86_microsoft.windows.common-controls_6595b64144ccf1df_6.0.9600.16384_none_a9f4965301334e09\COMCTL32.dll
0x626c0000 - 0x6277f000 	D:\ADT\eclipse\jre\bin\msvcr100.dll
0x62c70000 - 0x63014000 	D:\ADT\eclipse\jre\bin\client\jvm.dll
0x749c0000 - 0x749c8000 	C:\WINDOWS\SYSTEM32\WSOCK32.dll
0x76380000 - 0x76386000 	C:\WINDOWS\SYSTEM32\PSAPI.DLL
0x76820000 - 0x7686d000 	C:\WINDOWS\SYSTEM32\WS2_32.dll
0x75060000 - 0x75067000 	C:\WINDOWS\SYSTEM32\NSI.dll
0x729a0000 - 0x729ac000 	D:\ADT\eclipse\jre\bin\verify.dll
0x66a00000 - 0x66a21000 	D:\ADT\eclipse\jre\bin\java.dll
0x72010000 - 0x72023000 	D:\ADT\eclipse\jre\bin\zip.dll
0x73640000 - 0x73788000 	C:\WINDOWS\SYSTEM32\dbghelp.dll

VM Arguments:
jvm_args: -Dfile.encoding=Cp1252 -Xbootclasspath:D:\ADT\sdk\platforms\android-20\android.jar 
java_command: Engine.SMGM
java_class_path (initial): D:\Android Workspace\SimpleMemoryGame\bin\classes;D:\Android Workspace\appcompat_v7\libs\android-support-v4.jar;D:\Android Workspace\appcompat_v7\libs\android-support-v7-appcompat.jar;D:\Android Workspace\appcompat_v7\bin\appcompat_v7.jar;D:\Android Workspace\SimpleMemoryGameMachine\bin
Launcher Type: SUN_STANDARD

Environment Variables:
PATH=D:/ADT/eclipse/jre/bin/client;D:/ADT/eclipse/jre/bin;D:/ADT/eclipse/jre/lib/i386;C:\ProgramData\Oracle\Java\javapath;C:\WINDOWS\system32;C:\WINDOWS;C:\WINDOWS\System32\Wbem;C:\WINDOWS\System32\WindowsPowerShell\v1.0\;D:\Matlab\runtime\win64;D:\Matlab\bin;C:\Program Files\Microsoft\Web Platform Installer\;C:\Program Files (x86)\Microsoft ASP.NET\ASP.NET Web Pages\v1.0\;C:\Program Files (x86)\Windows Kits\8.0\Windows Performance Toolkit\;C:\Program Files\Microsoft SQL Server\110\Tools\Binn\;C:\Program Files (x86)\Microsoft SDKs\TypeScript\1.0\;C:\Program Files\Microsoft SQL Server\120\Tools\Binn\;D:\ADT\eclipse;
USERNAME=ClayFaith
OS=Windows_NT
PROCESSOR_IDENTIFIER=Intel64 Family 6 Model 42 Stepping 7, GenuineIntel



---------------  S Y S T E M  ---------------

OS: Windows 8.1 , 64 bit Build 9600 

CPU:total 4 (2 cores per cpu, 2 threads per core) family 6 model 42 stepping 7, cmov, cx8, fxsr, mmx, sse, sse2, sse3, ssse3, sse4.1, sse4.2, popcnt, avx, aes, clmul, ht, tsc, tscinvbit

Memory: 4k page, physical 4104352k(1480204k free), swap 5677216k(1630120k free)

vm_info: Java HotSpot(TM) Client VM (25.25-b02) for windows-x86 JRE (1.8.0_25-b18), built on Oct  7 2014 14:31:05 by "java_re" with MS VC++ 10.0 (VS2010)

time: Mon Nov 17 17:32:29 2014
elapsed time: 0 seconds (0d 0h 0m 0s)

