#
# A fatal error has been detected by the Java Runtime Environment:
#
#  Internal Error (javaClasses.cpp:126), pid=2608, tid=3604
#  fatal error: Invalid layout of preloaded class
#
# JRE version:  (8.0_25-b18) (build )
# Java VM: Java HotSpot(TM) Client VM (25.25-b02 mixed mode windows-x86 )
# Failed to write core dump. Minidumps are not enabled by default on client versions of Windows
#
# If you would like to submit a bug report, please visit:
#   http://bugreport.sun.com/bugreport/crash.jsp
#

---------------  T H R E A D  ---------------

Current thread (0x008db800):  JavaThread "Unknown thread" [_thread_in_vm, id=3604, stack(0x02350000,0x023a0000)]

Stack: [0x02350000,0x023a0000],  sp=0x0239f6b0,  free space=317k
Native frames: (J=compiled Java code, j=interpreted, Vv=VM code, C=native code)
V  [jvm.dll+0x19796b]
V  [jvm.dll+0x1908e6]
V  [jvm.dll+0x3b4e9]
V  [jvm.dll+0x3b69e]
V  [jvm.dll+0x4a063]
V  [jvm.dll+0x9dc8e]
V  [jvm.dll+0x9df52]
V  [jvm.dll+0x145a01]
V  [jvm.dll+0x169ab8]
V  [jvm.dll+0xdaea1]
C  [javaw.exe+0x13e4]
C  [javaw.exe+0x1eb7]
C  [javaw.exe+0xaba1]
C  [javaw.exe+0xac2b]
C  [KERNEL32.DLL+0x1495d]
C  [ntdll.dll+0x498ee]
C  [ntdll.dll+0x498c4]
C  0x00000000


---------------  P R O C E S S  ---------------

Java Threads: ( => current thread )

Other Threads:

=>0x008db800 (exited) JavaThread "Unknown thread" [_thread_in_vm, id=3604, stack(0x02350000,0x023a0000)]

VM state:not at safepoint (not fully initialized)

VM Mutex/Monitor currently owned by a thread: None

GC Heap History (0 events):
No events

Deoptimization events (0 events):
No events

Internal exceptions (0 events):
No events

Events (10 events):
Event: 0.011 loading class java/lang/CharSequence done
Event: 0.011 loading class java/lang/String done
Event: 0.011 loading class java/lang/Class
Event: 0.011 loading class java/lang/reflect/AnnotatedElement
Event: 0.012 loading class java/lang/reflect/AnnotatedElement done
Event: 0.012 loading class java/lang/reflect/GenericDeclaration
Event: 0.012 loading class java/lang/reflect/GenericDeclaration done
Event: 0.012 loading class java/lang/reflect/Type
Event: 0.012 loading class java/lang/reflect/Type done
Event: 0.012 loading class java/lang/Class done


Dynamic libraries:
0x00f20000 - 0x00f50000 	D:\ADT\eclipse\jre\bin\javaw.exe
0x779a0000 - 0x77b08000 	C:\WINDOWS\SYSTEM32\ntdll.dll
0x77680000 - 0x777c0000 	C:\WINDOWS\SYSTEM32\KERNEL32.DLL
0x771b0000 - 0x7727f000 	C:\WINDOWS\SYSTEM32\KERNELBASE.dll
0x73560000 - 0x735fa000 	C:\WINDOWS\system32\apphelp.dll
0x64b90000 - 0x64de2000 	C:\WINDOWS\AppPatch\AcGenral.DLL
0x76f10000 - 0x76fce000 	C:\WINDOWS\SYSTEM32\msvcrt.dll
0x76c70000 - 0x76cae000 	C:\WINDOWS\SYSTEM32\sechost.dll
0x753d0000 - 0x753ed000 	C:\WINDOWS\SYSTEM32\SspiCli.dll
0x772d0000 - 0x77311000 	C:\WINDOWS\SYSTEM32\SHLWAPI.dll
0x74110000 - 0x741ec000 	C:\WINDOWS\SYSTEM32\UxTheme.dll
0x755a0000 - 0x756f0000 	C:\WINDOWS\SYSTEM32\USER32.dll
0x76b50000 - 0x76c58000 	C:\WINDOWS\SYSTEM32\GDI32.dll
0x752c0000 - 0x752e0000 	C:\WINDOWS\SYSTEM32\WINMM.dll
0x72880000 - 0x72892000 	C:\WINDOWS\SYSTEM32\samcli.dll
0x777c0000 - 0x778cb000 	C:\WINDOWS\SYSTEM32\ole32.dll
0x77560000 - 0x775e7000 	C:\WINDOWS\SYSTEM32\OLEAUT32.dll
0x715a0000 - 0x715b5000 	C:\WINDOWS\SYSTEM32\MSACM32.dll
0x75340000 - 0x75348000 	C:\WINDOWS\SYSTEM32\VERSION.dll
0x757c0000 - 0x76963000 	C:\WINDOWS\SYSTEM32\SHELL32.dll
0x75310000 - 0x75329000 	C:\WINDOWS\SYSTEM32\USERENV.dll
0x740f0000 - 0x74109000 	C:\WINDOWS\SYSTEM32\dwmapi.dll
0x73770000 - 0x73891000 	C:\WINDOWS\SYSTEM32\urlmon.dll
0x76970000 - 0x769e7000 	C:\WINDOWS\SYSTEM32\ADVAPI32.dll
0x751f0000 - 0x7524e000 	C:\WINDOWS\SYSTEM32\WINSPOOL.DRV
0x752a0000 - 0x752b4000 	C:\WINDOWS\SYSTEM32\MPR.dll
0x76cc0000 - 0x76d71000 	C:\WINDOWS\SYSTEM32\RPCRT4.dll
0x753c0000 - 0x753c9000 	C:\WINDOWS\SYSTEM32\CRYPTBASE.dll
0x76a00000 - 0x76b4e000 	C:\WINDOWS\SYSTEM32\combase.dll
0x751a0000 - 0x751c0000 	C:\WINDOWS\SYSTEM32\WINMMBASE.dll
0x751c0000 - 0x751ce000 	C:\WINDOWS\SYSTEM32\profapi.dll
0x744c0000 - 0x746d5000 	C:\WINDOWS\SYSTEM32\iertutil.dll
0x748d0000 - 0x74a94000 	C:\WINDOWS\SYSTEM32\WININET.dll
0x75360000 - 0x753b1000 	C:\WINDOWS\SYSTEM32\bcryptPrimitives.dll
0x77290000 - 0x772ca000 	C:\WINDOWS\SYSTEM32\cfgmgr32.dll
0x75180000 - 0x7519f000 	C:\WINDOWS\SYSTEM32\DEVOBJ.dll
0x75100000 - 0x75177000 	C:\WINDOWS\SYSTEM32\SHCORE.DLL
0x774e0000 - 0x77505000 	C:\WINDOWS\system32\IMM32.DLL
0x76d80000 - 0x76e77000 	C:\WINDOWS\SYSTEM32\MSCTF.dll
0x750d0000 - 0x750fc000 	C:\WINDOWS\SYSTEM32\nvinit.dll
0x0f000000 - 0x0f006000 	C:\Program Files (x86)\NVIDIA Corporation\CoProcManager\_etoured.dll
0x74210000 - 0x7423b000 	C:\Program Files (x86)\NVIDIA Corporation\CoProcManager\nvd3d9wrap.dll
0x753f0000 - 0x7559c000 	C:\WINDOWS\SYSTEM32\SETUPAPI.dll
0x741f0000 - 0x7420f000 	C:\Program Files (x86)\NVIDIA Corporation\CoProcManager\nvdxgiwrap.dll
0x746e0000 - 0x748c5000 	C:\WINDOWS\WinSxS\x86_microsoft.windows.common-controls_6595b64144ccf1df_6.0.9600.16384_none_a9f4965301334e09\COMCTL32.dll
0x64ad0000 - 0x64b8f000 	D:\ADT\eclipse\jre\bin\msvcr100.dll
0x731a0000 - 0x73544000 	D:\ADT\eclipse\jre\bin\client\jvm.dll
0x75330000 - 0x75338000 	C:\WINDOWS\SYSTEM32\WSOCK32.dll
0x76c60000 - 0x76c66000 	C:\WINDOWS\SYSTEM32\PSAPI.DLL
0x77510000 - 0x7755d000 	C:\WINDOWS\SYSTEM32\WS2_32.dll
0x775f0000 - 0x775f7000 	C:\WINDOWS\SYSTEM32\NSI.dll
0x73550000 - 0x7355c000 	D:\ADT\eclipse\jre\bin\verify.dll
0x730b0000 - 0x730d1000 	D:\ADT\eclipse\jre\bin\java.dll
0x72f30000 - 0x72f43000 	D:\ADT\eclipse\jre\bin\zip.dll
0x72c10000 - 0x72d58000 	C:\WINDOWS\SYSTEM32\dbghelp.dll

VM Arguments:
jvm_args: -Dfile.encoding=Cp1252 -Xbootclasspath:D:\ADT\sdk\platforms\android-20\android.jar 
java_command: Engine.SMGM
java_class_path (initial): D:\Android Workspace\SimpleMemoryGame\bin\classes;D:\Android Workspace\appcompat_v7\libs\android-support-v4.jar;D:\Android Workspace\appcompat_v7\libs\android-support-v7-appcompat.jar;D:\Android Workspace\appcompat_v7\bin\appcompat_v7.jar;D:\Android Workspace\SimpleMemoryGameMachine\bin
Launcher Type: SUN_STANDARD

Environment Variables:
PATH=D:/ADT/eclipse/jre/bin/client;D:/ADT/eclipse/jre/bin;D:/ADT/eclipse/jre/lib/i386;C:\ProgramData\Oracle\Java\javapath;C:\WINDOWS\system32;C:\WINDOWS;C:\WINDOWS\System32\Wbem;C:\WINDOWS\System32\WindowsPowerShell\v1.0\;D:\Matlab\runtime\win64;D:\Matlab\bin;C:\Program Files\Microsoft\Web Platform Installer\;C:\Program Files (x86)\Microsoft ASP.NET\ASP.NET Web Pages\v1.0\;C:\Program Files (x86)\Windows Kits\8.0\Windows Performance Toolkit\;C:\Program Files\Microsoft SQL Server\110\Tools\Binn\;C:\Program Files (x86)\Microsoft SDKs\TypeScript\1.0\;C:\Program Files\Microsoft SQL Server\120\Tools\Binn\;D:\ADT\eclipse;
USERNAME=ClayFaith
OS=Windows_NT
PROCESSOR_IDENTIFIER=Intel64 Family 6 Model 42 Stepping 7, GenuineIntel



---------------  S Y S T E M  ---------------

OS: Windows 8.1 , 64 bit Build 9600 

CPU:total 4 (2 cores per cpu, 2 threads per core) family 6 model 42 stepping 7, cmov, cx8, fxsr, mmx, sse, sse2, sse3, ssse3, sse4.1, sse4.2, popcnt, avx, aes, clmul, ht, tsc, tscinvbit

Memory: 4k page, physical 4104352k(1875456k free), swap 5677216k(2902052k free)

vm_info: Java HotSpot(TM) Client VM (25.25-b02) for windows-x86 JRE (1.8.0_25-b18), built on Oct  7 2014 14:31:05 by "java_re" with MS VC++ 10.0 (VS2010)

time: Mon Nov 17 18:13:39 2014
elapsed time: 0 seconds (0d 0h 0m 0s)

